0 info it worked if it ends with ok
1 verbose cli [ 'node', '/usr/local/bin/npm', 'install', 'codecov', '-g' ]
2 info using npm@2.14.2
3 info using node@v0.12.7
4 verbose node symlink /usr/local/bin/node
5 verbose install initial load of /usr/local/lib/package.json
6 verbose readDependencies loading dependencies from /usr/local/lib/package.json
7 silly cache add args [ 'codecov', null ]
8 verbose cache add spec codecov
9 silly cache add parsed spec { raw: 'codecov',
9 silly cache add   scope: null,
9 silly cache add   name: 'codecov',
9 silly cache add   rawSpec: '',
9 silly cache add   spec: '*',
9 silly cache add   type: 'range' }
10 silly addNamed codecov@*
11 verbose addNamed "*" is a valid semver range for codecov
12 silly addNameRange { name: 'codecov', range: '*', hasData: false }
13 silly mapToRegistry name codecov
14 silly mapToRegistry using default registry
15 silly mapToRegistry registry https://registry.npmjs.org/
16 silly mapToRegistry uri https://registry.npmjs.org/codecov
17 verbose addNameRange registry:https://registry.npmjs.org/codecov not in flight; fetching
18 verbose request uri https://registry.npmjs.org/codecov
19 verbose request no auth needed
20 info attempt registry request try #1 at 10:20:38
21 verbose request using bearer token for auth
22 verbose request id b92679cd15da49c1
23 http request GET https://registry.npmjs.org/codecov
24 http 404 https://registry.npmjs.org/codecov
25 verbose headers { 'content-type': 'application/json',
25 verbose headers   'cache-control': 'max-age=0',
25 verbose headers   'content-length': '2',
25 verbose headers   'accept-ranges': 'bytes',
25 verbose headers   date: 'Wed, 23 Sep 2015 00:13:31 GMT',
25 verbose headers   via: '1.1 varnish',
25 verbose headers   connection: 'keep-alive',
25 verbose headers   'x-served-by': 'cache-mel6521-MEL',
25 verbose headers   'x-cache': 'MISS',
25 verbose headers   'x-cache-hits': '0',
25 verbose headers   'x-timer': 'S1442967211.411882,VS0,VE203' }
26 silly get cb [ 404,
26 silly get   { 'content-type': 'application/json',
26 silly get     'cache-control': 'max-age=0',
26 silly get     'content-length': '2',
26 silly get     'accept-ranges': 'bytes',
26 silly get     date: 'Wed, 23 Sep 2015 00:13:31 GMT',
26 silly get     via: '1.1 varnish',
26 silly get     connection: 'keep-alive',
26 silly get     'x-served-by': 'cache-mel6521-MEL',
26 silly get     'x-cache': 'MISS',
26 silly get     'x-cache-hits': '0',
26 silly get     'x-timer': 'S1442967211.411882,VS0,VE203' } ]
27 verbose stack Error: Registry returned 404 for GET on https://registry.npmjs.org/codecov
27 verbose stack     at makeError (/usr/local/lib/node_modules/npm/node_modules/npm-registry-client/lib/request.js:263:12)
27 verbose stack     at CachingRegistryClient.<anonymous> (/usr/local/lib/node_modules/npm/node_modules/npm-registry-client/lib/request.js:241:14)
27 verbose stack     at Request._callback (/usr/local/lib/node_modules/npm/node_modules/npm-registry-client/lib/request.js:171:14)
27 verbose stack     at Request.self.callback (/usr/local/lib/node_modules/npm/node_modules/request/request.js:198:22)
27 verbose stack     at Request.emit (events.js:110:17)
27 verbose stack     at Request.<anonymous> (/usr/local/lib/node_modules/npm/node_modules/request/request.js:1073:14)
27 verbose stack     at Request.emit (events.js:129:20)
27 verbose stack     at IncomingMessage.<anonymous> (/usr/local/lib/node_modules/npm/node_modules/request/request.js:1019:12)
27 verbose stack     at IncomingMessage.emit (events.js:129:20)
27 verbose stack     at _stream_readable.js:908:16
28 verbose statusCode 404
29 verbose pkgid codecov
30 verbose cwd /Users/nidwalden/sites/Profiles-Node
31 error Darwin 14.3.0
32 error argv "node" "/usr/local/bin/npm" "install" "codecov" "-g"
33 error node v0.12.7
34 error npm  v2.14.2
35 error code E404
36 error 404 Registry returned 404 for GET on https://registry.npmjs.org/codecov
36 error 404
36 error 404 'codecov' is not in the npm registry.
36 error 404 You should bug the author to publish it (or use the name yourself!)
36 error 404
36 error 404 Note that you can also install from a
36 error 404 tarball, folder, http url, or git url.
37 verbose exit [ 1, true ]
